c:\users\joris\desktop\game\game\x64\release\vc143.pdb
c:\users\joris\desktop\game\game\x64\release\virtualenemy.obj
c:\users\joris\desktop\game\game\x64\release\vicinity.obj
c:\users\joris\desktop\game\game\x64\release\tradingpost.obj
c:\users\joris\desktop\game\game\x64\release\soundhandler.obj
c:\users\joris\desktop\game\game\x64\release\socket.obj
c:\users\joris\desktop\game\game\x64\release\serversocket.obj
c:\users\joris\desktop\game\game\x64\release\playertwo.obj
c:\users\joris\desktop\game\game\x64\release\gameclient.obj
c:\users\joris\desktop\game\game\x64\release\player.obj
c:\users\joris\desktop\game\game\x64\release\menumanager.obj
c:\users\joris\desktop\game\game\x64\release\main.obj
c:\users\joris\desktop\game\game\x64\release\interface.obj
c:\users\joris\desktop\game\game\x64\release\gameserver.obj
c:\users\joris\desktop\game\game\x64\release\gamehandler.obj
c:\users\joris\desktop\game\game\x64\release\entity.obj
c:\users\joris\desktop\game\game\x64\release\enemy.obj
c:\users\joris\desktop\game\game\x64\release\effect.obj
c:\users\joris\desktop\game\game\x64\release\clock.obj
c:\users\joris\desktop\game\game\x64\release\body.obj
c:\users\joris\desktop\game\game\x64\release\beetle.obj
c:\users\joris\desktop\game\game\x64\release\world.obj
c:\users\joris\desktop\game\game\x64\release\workthread.obj
c:\users\joris.ludwig\desktop\game\x64\release\game.ipdb
c:\users\joris.ludwig\desktop\game\x64\release\game.iobj
c:\users\joris\documents\github\knight-sdl-game\game\x64\release\game.ipdb
c:\users\joris\documents\github\knight-sdl-game\game\x64\release\game.iobj
c:\users\joris\desktop\game\x64\release\game.ipdb
c:\users\joris\desktop\game\x64\release\game.iobj
c:\users\joris\desktop\game\x64\release\game.exe
c:\users\joris\desktop\game\game\x64\release\game.ipdb
c:\users\joris\desktop\game\x64\release\game.pdb
c:\users\joris\desktop\game\game\x64\release\game.iobj
c:\users\joris\desktop\game\game\x64\release\vc142.pdb
c:\users\joris\desktop\game\game\x64\release\game.tlog\cl.command.1.tlog
c:\users\joris\desktop\game\game\x64\release\game.tlog\cl.read.1.tlog
c:\users\joris\desktop\game\game\x64\release\game.tlog\cl.write.1.tlog
c:\users\joris\desktop\game\game\x64\release\game.tlog\game.write.1u.tlog
c:\users\joris\desktop\game\game\x64\release\game.tlog\link.command.1.tlog
c:\users\joris\desktop\game\game\x64\release\game.tlog\link.read.1.tlog
c:\users\joris\desktop\game\game\x64\release\game.tlog\link.write.1.tlog
c:\users\joris\desktop\game\game\x64\release\game.tlog\link.write.2u.tlog
